<?xml version="1.0" encoding="UTF-8"?>
<!-- Generated by org.testng.reporters.JUnitReportReporter -->
<testsuite skipped="0" hostname="BBLPT0370" name="com.mca.extraction.CinFinal1" tests="127" failures="0" timestamp="12 Nov 2018 08:35:16 GMT" time="1201.614" errors="0">
  <testcase name="function1" time="5.370" classname="com.mca.extraction.CinFinal1"/>
  <testcase name="function1" time="4.611" classname="com.mca.extraction.CinFinal1"/>
  <testcase name="function1" time="23.861" classname="com.mca.extraction.CinFinal1"/>
  <testcase name="function1" time="5.712" classname="com.mca.extraction.CinFinal1"/>
  <testcase name="function1" time="5.240" classname="com.mca.extraction.CinFinal1"/>
  <testcase name="function1" time="9.026" classname="com.mca.extraction.CinFinal1"/>
  <testcase name="function1" time="6.003" classname="com.mca.extraction.CinFinal1"/>
  <testcase name="function1" time="11.000" classname="com.mca.extraction.CinFinal1"/>
  <testcase name="function1" time="4.888" classname="com.mca.extraction.CinFinal1"/>
  <testcase name="function1" time="5.146" classname="com.mca.extraction.CinFinal1"/>
  <testcase name="function1" time="9.131" classname="com.mca.extraction.CinFinal1"/>
  <testcase name="function1" time="5.093" classname="com.mca.extraction.CinFinal1"/>
  <testcase name="function1" time="5.820" classname="com.mca.extraction.CinFinal1"/>
  <testcase name="function1" time="5.554" classname="com.mca.extraction.CinFinal1"/>
  <testcase name="function1" time="6.863" classname="com.mca.extraction.CinFinal1"/>
  <testcase name="function1" time="6.553" classname="com.mca.extraction.CinFinal1"/>
  <testcase name="function1" time="5.623" classname="com.mca.extraction.CinFinal1"/>
  <testcase name="function1" time="9.915" classname="com.mca.extraction.CinFinal1"/>
  <testcase name="function1" time="4.475" classname="com.mca.extraction.CinFinal1"/>
  <testcase name="function1" time="9.973" classname="com.mca.extraction.CinFinal1"/>
  <testcase name="function1" time="9.033" classname="com.mca.extraction.CinFinal1"/>
  <testcase name="function1" time="9.005" classname="com.mca.extraction.CinFinal1"/>
  <testcase name="function1" time="9.950" classname="com.mca.extraction.CinFinal1"/>
  <testcase name="function1" time="4.994" classname="com.mca.extraction.CinFinal1"/>
  <testcase name="function1" time="9.958" classname="com.mca.extraction.CinFinal1"/>
  <testcase name="function1" time="8.975" classname="com.mca.extraction.CinFinal1"/>
  <testcase name="function1" time="5.825" classname="com.mca.extraction.CinFinal1"/>
  <testcase name="function1" time="4.583" classname="com.mca.extraction.CinFinal1"/>
  <testcase name="function1" time="4.605" classname="com.mca.extraction.CinFinal1"/>
  <testcase name="function1" time="4.599" classname="com.mca.extraction.CinFinal1"/>
  <testcase name="function1" time="9.997" classname="com.mca.extraction.CinFinal1"/>
  <testcase name="function1" time="10.001" classname="com.mca.extraction.CinFinal1"/>
  <testcase name="function1" time="4.912" classname="com.mca.extraction.CinFinal1"/>
  <testcase name="function1" time="5.082" classname="com.mca.extraction.CinFinal1"/>
  <testcase name="function1" time="5.183" classname="com.mca.extraction.CinFinal1"/>
  <testcase name="function1" time="23.983" classname="com.mca.extraction.CinFinal1"/>
  <testcase name="function1" time="9.044" classname="com.mca.extraction.CinFinal1"/>
  <testcase name="function1" time="5.253" classname="com.mca.extraction.CinFinal1"/>
  <testcase name="function1" time="5.105" classname="com.mca.extraction.CinFinal1"/>
  <testcase name="function1" time="10.999" classname="com.mca.extraction.CinFinal1"/>
  <testcase name="function1" time="4.695" classname="com.mca.extraction.CinFinal1"/>
  <testcase name="function1" time="24.946" classname="com.mca.extraction.CinFinal1"/>
  <testcase name="function1" time="11.165" classname="com.mca.extraction.CinFinal1"/>
  <testcase name="function1" time="6.148" classname="com.mca.extraction.CinFinal1"/>
  <testcase name="function1" time="4.723" classname="com.mca.extraction.CinFinal1"/>
  <testcase name="function1" time="10.984" classname="com.mca.extraction.CinFinal1"/>
  <testcase name="function1" time="37.494" classname="com.mca.extraction.CinFinal1"/>
  <testcase name="function1" time="5.291" classname="com.mca.extraction.CinFinal1"/>
  <testcase name="function1" time="16.855" classname="com.mca.extraction.CinFinal1"/>
  <testcase name="function1" time="5.562" classname="com.mca.extraction.CinFinal1"/>
  <testcase name="function1" time="7.170" classname="com.mca.extraction.CinFinal1"/>
  <testcase name="function1" time="23.828" classname="com.mca.extraction.CinFinal1"/>
  <testcase name="function1" time="5.517" classname="com.mca.extraction.CinFinal1"/>
  <testcase name="function1" time="23.319" classname="com.mca.extraction.CinFinal1"/>
  <testcase name="function1" time="5.328" classname="com.mca.extraction.CinFinal1"/>
  <testcase name="function1" time="11.000" classname="com.mca.extraction.CinFinal1"/>
  <testcase name="function1" time="9.011" classname="com.mca.extraction.CinFinal1"/>
  <testcase name="function1" time="5.380" classname="com.mca.extraction.CinFinal1"/>
  <testcase name="function1" time="4.622" classname="com.mca.extraction.CinFinal1"/>
  <testcase name="function1" time="22.725" classname="com.mca.extraction.CinFinal1"/>
  <testcase name="function1" time="5.004" classname="com.mca.extraction.CinFinal1"/>
  <testcase name="function1" time="5.538" classname="com.mca.extraction.CinFinal1"/>
  <testcase name="function1" time="18.565" classname="com.mca.extraction.CinFinal1"/>
  <testcase name="function1" time="10.925" classname="com.mca.extraction.CinFinal1"/>
  <testcase name="function1" time="5.081" classname="com.mca.extraction.CinFinal1"/>
  <testcase name="function1" time="19.458" classname="com.mca.extraction.CinFinal1"/>
  <testcase name="function1" time="19.547" classname="com.mca.extraction.CinFinal1"/>
  <testcase name="function1" time="10.006" classname="com.mca.extraction.CinFinal1"/>
  <testcase name="function1" time="5.891" classname="com.mca.extraction.CinFinal1"/>
  <testcase name="function1" time="10.464" classname="com.mca.extraction.CinFinal1"/>
  <testcase name="function1" time="4.433" classname="com.mca.extraction.CinFinal1"/>
  <testcase name="function1" time="9.999" classname="com.mca.extraction.CinFinal1"/>
  <testcase name="function1" time="4.529" classname="com.mca.extraction.CinFinal1"/>
  <testcase name="function1" time="25.459" classname="com.mca.extraction.CinFinal1"/>
  <testcase name="function1" time="11.993" classname="com.mca.extraction.CinFinal1"/>
  <testcase name="function1" time="4.807" classname="com.mca.extraction.CinFinal1"/>
  <testcase name="function1" time="9.843" classname="com.mca.extraction.CinFinal1"/>
  <testcase name="function1" time="10.995" classname="com.mca.extraction.CinFinal1"/>
  <testcase name="function1" time="5.525" classname="com.mca.extraction.CinFinal1"/>
  <testcase name="function1" time="10.063" classname="com.mca.extraction.CinFinal1"/>
  <testcase name="function1" time="10.241" classname="com.mca.extraction.CinFinal1"/>
  <testcase name="function1" time="10.970" classname="com.mca.extraction.CinFinal1"/>
  <testcase name="function1" time="4.519" classname="com.mca.extraction.CinFinal1"/>
  <testcase name="function1" time="5.253" classname="com.mca.extraction.CinFinal1"/>
  <testcase name="function1" time="10.001" classname="com.mca.extraction.CinFinal1"/>
  <testcase name="function1" time="4.857" classname="com.mca.extraction.CinFinal1"/>
  <testcase name="function1" time="9.042" classname="com.mca.extraction.CinFinal1"/>
  <testcase name="function1" time="21.513" classname="com.mca.extraction.CinFinal1"/>
  <testcase name="function1" time="4.819" classname="com.mca.extraction.CinFinal1"/>
  <testcase name="function1" time="5.012" classname="com.mca.extraction.CinFinal1"/>
  <testcase name="function1" time="9.982" classname="com.mca.extraction.CinFinal1"/>
  <testcase name="function1" time="4.859" classname="com.mca.extraction.CinFinal1"/>
  <testcase name="function1" time="9.998" classname="com.mca.extraction.CinFinal1"/>
  <testcase name="function1" time="9.904" classname="com.mca.extraction.CinFinal1"/>
  <testcase name="function1" time="6.706" classname="com.mca.extraction.CinFinal1"/>
  <testcase name="function1" time="5.055" classname="com.mca.extraction.CinFinal1"/>
  <testcase name="function1" time="5.778" classname="com.mca.extraction.CinFinal1"/>
  <testcase name="function1" time="5.650" classname="com.mca.extraction.CinFinal1"/>
  <testcase name="function1" time="4.504" classname="com.mca.extraction.CinFinal1"/>
  <testcase name="function1" time="4.511" classname="com.mca.extraction.CinFinal1"/>
  <testcase name="function1" time="50.255" classname="com.mca.extraction.CinFinal1"/>
  <testcase name="function1" time="9.109" classname="com.mca.extraction.CinFinal1"/>
  <testcase name="function1" time="6.743" classname="com.mca.extraction.CinFinal1"/>
  <testcase name="function1" time="4.476" classname="com.mca.extraction.CinFinal1"/>
  <testcase name="function1" time="5.418" classname="com.mca.extraction.CinFinal1"/>
  <testcase name="function1" time="5.090" classname="com.mca.extraction.CinFinal1"/>
  <testcase name="function1" time="18.953" classname="com.mca.extraction.CinFinal1"/>
  <testcase name="function1" time="10.686" classname="com.mca.extraction.CinFinal1"/>
  <testcase name="function1" time="4.840" classname="com.mca.extraction.CinFinal1"/>
  <testcase name="function1" time="4.512" classname="com.mca.extraction.CinFinal1"/>
  <testcase name="function1" time="5.078" classname="com.mca.extraction.CinFinal1"/>
  <testcase name="function1" time="8.381" classname="com.mca.extraction.CinFinal1"/>
  <testcase name="function1" time="10.006" classname="com.mca.extraction.CinFinal1"/>
  <testcase name="function1" time="5.606" classname="com.mca.extraction.CinFinal1"/>
  <testcase name="function1" time="9.978" classname="com.mca.extraction.CinFinal1"/>
  <testcase name="function1" time="5.413" classname="com.mca.extraction.CinFinal1"/>
  <testcase name="function1" time="4.948" classname="com.mca.extraction.CinFinal1"/>
  <testcase name="function1" time="4.600" classname="com.mca.extraction.CinFinal1"/>
  <testcase name="function1" time="4.862" classname="com.mca.extraction.CinFinal1"/>
  <testcase name="function1" time="5.287" classname="com.mca.extraction.CinFinal1"/>
  <testcase name="function1" time="11.974" classname="com.mca.extraction.CinFinal1"/>
  <testcase name="function1" time="10.033" classname="com.mca.extraction.CinFinal1"/>
  <testcase name="function1" time="19.425" classname="com.mca.extraction.CinFinal1"/>
  <testcase name="function1" time="18.967" classname="com.mca.extraction.CinFinal1"/>
  <testcase name="function1" time="23.161" classname="com.mca.extraction.CinFinal1"/>
  <testcase name="function1" time="5.067" classname="com.mca.extraction.CinFinal1"/>
  <testcase name="function1" time="10.741" classname="com.mca.extraction.CinFinal1"/>
</testsuite> <!-- com.mca.extraction.CinFinal1 -->
